<?xml version="1.0" encoding="UTF-8" standalone="no"?>
<beans xmlns="http://www.springframework.org/schema/beans"
       xmlns:aop="http://www.springframework.org/schema/aop"
       xmlns:context="http://www.springframework.org/schema/context"
       xmlns:jee="http://www.springframework.org/schema/jee"
       xmlns:tx="http://www.springframework.org/schema/tx"
       xmlns:xsi="http://www.w3.org/2001/XMLSchema-instance"
       xmlns:mvc="http://www.springframework.org/schema/mvc"
       xsi:schemaLocation="http://www.springframework.org/schema/aop
        http://www.springframework.org/schema/aop/spring-aop-3.2.xsd
        http://www.springframework.org/schema/beans
        http://www.springframework.org/schema/beans/spring-beans-3.2.xsd
        http://www.springframework.org/schema/context
        http://www.springframework.org/schema/context/spring-context-3.2.xsd
        http://www.springframework.org/schema/jee
        http://www.springframework.org/schema/jee/spring-jee-3.2.xsd
        http://www.springframework.org/schema/tx
        http://www.springframework.org/schema/tx/spring-tx-3.2.xsd
        http://www.springframework.org/schema/mvc
        http://www.springframework.org/schema/mvc/spring-mvc-3.0.xsd">

    <context:property-placeholder />
    <mvc:annotation-driven />

    <bean class="org.springframework.beans.factory.config.MethodInvokingFactoryBean">
        <property name="targetClass" value="java.lang.System" />
        <property name="targetMethod" value="setProperty" />
        <property name="arguments">
            <list>
                <value>DATABASE_URL</value>
                <value>postgres://myself:post@localhost:5432/flooring_master</value>
            </list>
        </property>
    </bean>

    <bean id="dbPropFromSystem"
          class="org.springframework.beans.factory.config.MethodInvokingFactoryBean">
        <property name="targetClass" value="java.lang.System" />
        <property name="targetMethod" value="getProperty" />
        <property name="arguments">
            <list>
                <value>DATABASE_URL</value>
            </list>
        </property>
    </bean>

    <bean id="dbStr" class="java.lang.String">
        <constructor-arg ref="dbPropFromSystem" />
    </bean>


    <!--<bean id="dbProp"-->
          <!--class="org.springframework.beans.factory.config.MethodInvokingFactoryBean">-->
        <!--<property name="targetObject" ref="dbPropFromSystem" />-->
        <!--<property name="targetMethod" value="getProperty" />-->
        <!--<property name="arguments">-->
            <!--<list>-->
                <!--<value>DATABASE_URL</value>-->
            <!--</list>-->
        <!--</property>-->
    <!--</bean>-->




    <!--<bean class="java.net.URI" id="dbUrl">-->
        <!--<constructor-arg value="${DATABASE_URL}"/>-->
    <!--</bean>-->

</beans>