<?xml version="1.0" encoding="UTF-8"?>
<beans xmlns="http://www.springframework.org/schema/beans"
       xmlns:xsi="http://www.w3.org/2001/XMLSchema-instance"
       xmlns:context="http://www.springframework.org/schema/context"
       xmlns:tx="http://www.springframework.org/schema/tx"
       xmlns:aop="http://www.springframework.org/schema/aop"
       xmlns:mvc="http://www.springframework.org/schema/mvc"
       xsi:schemaLocation="http://www.springframework.org/schema/beans
                           http://www.springframework.org/schema/beans/spring-beans.xsd
                           http://www.springframework.org/schema/mvc
                           http://www.springframework.org/schema/mvc/spring-mvc.xsd
                           http://www.springframework.org/schema/tx 
                           http://www.springframework.org/schema/tx/spring-tx-3.0.xsd
                           http://www.springframework.org/schema/context
                           http://www.springframework.org/schema/context/spring-context.xsd
       http://www.springframework.org/schema/aop http://www.springframework.org/schema/aop/spring-aop-3.2.xsd"> 

    <!-- Bean definitions go here -->

    <!--<context:property-override location="classpath:TestResources.properties" />-->

    <bean class="org.springframework.beans.factory.config.PropertyPlaceholderConfigurer">
        <property name="locations">
            <value>classpath:TestResources.properties</value>
        </property>
    </bean>

    <context:property-placeholder />
    <mvc:annotation-driven />

    <bean class="java.net.URI" id="dbUrl">
        <constructor-arg value="${DATABASE_URL}"/>
        <!--<constructor-arg value="${billy}"/>-->
    </bean>

    <bean id="dataSource" class="org.apache.commons.dbcp.BasicDataSource">
        <property name="driverClassName" value="org.postgresql.Driver" />
        <property name="url" value="#{ 'jdbc:postgresql://' + @dbUrl.getHost() + ':' + @dbUrl.getPort() + @dbUrl.getPath() }"/>
        <property name="username" value="#{ @dbUrl.getUserInfo().split(':')[0] }"/>
        <property name="password" value="#{ @dbUrl.getUserInfo().split(':')[1] }"/>
        <property name="initialSize" value="1" />
        <property name="maxActive" value="2" />
    </bean>
    
    <bean id="transactionManager" class="org.springframework.jdbc.datasource.DataSourceTransactionManager" >
        <property name="dataSource" ref="dataSource" />
    </bean>
    
    <bean id="jdbcTemplate" class="org.springframework.jdbc.core.JdbcTemplate">
        <property name="dataSource" ref="dataSource" />
    </bean>     
</beans>