<?xml version="1.0" encoding="UTF-8" standalone="no"?>
<beans xmlns="http://www.springframework.org/schema/beans"
       xmlns:context="http://www.springframework.org/schema/context"
       xmlns:xsi="http://www.w3.org/2001/XMLSchema-instance"
       xmlns:mvc="http://www.springframework.org/schema/mvc"
       xsi:schemaLocation="http://www.springframework.org/schema/beans
        http://www.springframework.org/schema/beans/spring-beans-3.2.xsd
        http://www.springframework.org/schema/context
        http://www.springframework.org/schema/context/spring-context-3.2.xsd
        http://www.springframework.org/schema/mvc
        http://www.springframework.org/schema/mvc/spring-mvc-3.0.xsd">

    <bean class="org.springframework.beans.factory.config.PropertyPlaceholderConfigurer">
        <property name="locations">
            <value>classpath:TestResources.properties</value>
        </property>
    </bean>

    <bean class="org.springframework.beans.factory.config.MethodInvokingFactoryBean">
        <property name="targetClass" value="java.lang.System" />
        <property name="targetMethod" value="setProperty" />
        <property name="arguments">
            <list>
                <value>DATABASE_URL</value>
                <value>postgres://myself:post@localhost:5432/flooring_master</value>
            </list>
        </property>
    </bean>

    <bean id="dbPropFromSystem"
          class="org.springframework.beans.factory.config.MethodInvokingFactoryBean">
        <property name="targetClass" value="java.lang.System" />
        <property name="targetMethod" value="getProperty" />
        <property name="arguments">
            <list>
                <value>DATABASE_URL</value>
            </list>
        </property>
    </bean>

    <bean id="dbStr" class="java.lang.String">
        <constructor-arg ref="dbPropFromSystem" />
    </bean>

    <mvc:resources mapping="/js/**" location="/js/" />
    <mvc:resources mapping="/jquery-ui-1.12.1/**" location="/jquery-ui-1.12.1/" />
</beans>