<?xml version="1.0" encoding="UTF-8"?>
<beans xmlns="http://www.springframework.org/schema/beans"
       xmlns:xsi="http://www.w3.org/2001/XMLSchema-instance"
       xsi:schemaLocation="http://www.springframework.org/schema/beans
                           http://www.springframework.org/schema/beans/spring-beans.xsd">
        
    <bean id="testConfigFile" class="java.io.File" >
        <constructor-arg type="java.lang.String" value="testConfigFile.txt" />
    </bean> 

    <bean id="testAuditLog" class="java.io.File" >
        <constructor-arg type="java.lang.String" value="auditLog.txt" />
    </bean> 
    
    <bean id="auditLogDaoWithAuditLog" class="com.mycompany.flooringmasteryweb.dao.AuditDao" >
        <constructor-arg ref="testAuditLog" />
    </bean>
    
     <bean id="configDaoWithNull" class="com.mycompany.flooringmasteryweb.dao.ConfigDao" >
         <constructor-arg value="null" />
     </bean>
   
     <bean id="configDaoWithTestFile" class="com.mycompany.flooringmasteryweb.dao.ConfigDao" lazy-init="true" >
         <constructor-arg ref="testConfigFile" />
     </bean>
   
    <bean id="viewUtilities" class="com.mycompany.flooringmasteryweb.utilities.ViewUtilities" />
    <bean id="configDao" class="com.mycompany.flooringmasteryweb.dao.ConfigDao" />
    <bean id="productDao" class="com.mycompany.flooringmasteryweb.dao.ProductDao">
        <constructor-arg ref="configDao" />
    </bean>
    <bean id="stateDao" class="com.mycompany.flooringmasteryweb.dao.StateDao">
        <constructor-arg ref="configDao" />
    </bean>
    <bean id="orderDao" class="com.mycompany.flooringmasteryweb.dao.OrderDaoImpl">
        <constructor-arg ref="productDao" />
        <constructor-arg ref="stateDao" />
        <constructor-arg ref="configDao" />
    </bean>           
</beans>
